<?xml version="1.0" encoding="UTF-8"?>
<coverage generated="1660225931549" clover="3.2.0">
  <project timestamp="1660225931549" name="All files">
    <metrics statements="56" coveredstatements="51" conditionals="24" coveredconditionals="20" methods="26" coveredmethods="22" elements="106" coveredelements="93" complexity="0" loc="56" ncloc="56" packages="4" files="9" classes="9"/>
    <package name="src">
      <metrics statements="1" coveredstatements="1" conditionals="0" coveredconditionals="0" methods="1" coveredmethods="1"/>
      <file name="App.tsx" path="C:\Projects\mycapital\frontend\src\App.tsx">
        <metrics statements="1" coveredstatements="1" conditionals="0" coveredconditionals="0" methods="1" coveredmethods="1"/>
        <line num="5" count="1" type="stmt"/>
      </file>
      <file name="index.tsx" path="C:\Projects\mycapital\frontend\src\index.tsx">
        <metrics statements="0" coveredstatements="0" conditionals="0" coveredconditionals="0" methods="0" coveredmethods="0"/>
      </file>
    </package>
    <package name="src.api">
      <metrics statements="5" coveredstatements="5" conditionals="0" coveredconditionals="0" methods="2" coveredmethods="2"/>
      <file name="client.tsx" path="C:\Projects\mycapital\frontend\src\api\client.tsx">
        <metrics statements="5" coveredstatements="5" conditionals="0" coveredconditionals="0" methods="2" coveredmethods="2"/>
        <line num="13" count="1" type="stmt"/>
        <line num="18" count="1" type="stmt"/>
        <line num="19" count="1" type="stmt"/>
        <line num="23" count="7" type="stmt"/>
        <line num="24" count="7" type="stmt"/>
      </file>
    </package>
    <package name="src.components">
      <metrics statements="8" coveredstatements="7" conditionals="0" coveredconditionals="0" methods="8" coveredmethods="7"/>
      <file name="Card.tsx" path="C:\Projects\mycapital\frontend\src\components\Card.tsx">
        <metrics statements="2" coveredstatements="2" conditionals="0" coveredconditionals="0" methods="2" coveredmethods="2"/>
        <line num="10" count="3641" type="stmt"/>
        <line num="27" count="37" type="stmt"/>
      </file>
      <file name="Deck.tsx" path="C:\Projects\mycapital\frontend\src\components\Deck.tsx">
        <metrics statements="2" coveredstatements="2" conditionals="0" coveredconditionals="0" methods="2" coveredmethods="2"/>
        <line num="9" count="514" type="stmt"/>
        <line num="26" count="1" type="stmt"/>
      </file>
      <file name="InputSearch.tsx" path="C:\Projects\mycapital\frontend\src\components\InputSearch.tsx">
        <metrics statements="2" coveredstatements="2" conditionals="0" coveredconditionals="0" methods="2" coveredmethods="2"/>
        <line num="7" count="106" type="stmt"/>
        <line num="20" count="6" type="stmt"/>
      </file>
      <file name="RadioButton.tsx" path="C:\Projects\mycapital\frontend\src\components\RadioButton.tsx">
        <metrics statements="2" coveredstatements="1" conditionals="0" coveredconditionals="0" methods="2" coveredmethods="1"/>
        <line num="6" count="53" type="stmt"/>
        <line num="10" count="0" type="stmt"/>
      </file>
    </package>
    <package name="src.pages">
      <metrics statements="42" coveredstatements="38" conditionals="24" coveredconditionals="20" methods="15" coveredmethods="12"/>
      <file name="Main.tsx" path="C:\Projects\mycapital\frontend\src\pages\Main.tsx">
        <metrics statements="1" coveredstatements="1" conditionals="0" coveredconditionals="0" methods="1" coveredmethods="1"/>
        <line num="4" count="1" type="stmt"/>
      </file>
      <file name="Manage.tsx" path="C:\Projects\mycapital\frontend\src\pages\Manage.tsx">
        <metrics statements="41" coveredstatements="37" conditionals="24" coveredconditionals="20" methods="14" coveredmethods="11"/>
        <line num="12" count="1" type="stmt"/>
        <line num="22" count="56" type="stmt"/>
        <line num="23" count="56" type="stmt"/>
        <line num="24" count="56" type="stmt"/>
        <line num="26" count="56" type="stmt"/>
        <line num="29" count="6" type="stmt"/>
        <line num="30" count="6" type="stmt"/>
        <line num="31" count="6" type="cond" truecount="2" falsecount="2"/>
        <line num="32" count="0" type="stmt"/>
        <line num="33" count="0" type="stmt"/>
        <line num="35" count="6" type="stmt"/>
        <line num="37" count="6" type="stmt"/>
        <line num="38" count="6" type="stmt"/>
        <line num="42" count="56" type="stmt"/>
        <line num="43" count="7" type="stmt"/>
        <line num="44" count="7" type="cond" truecount="4" falsecount="0"/>
        <line num="45" count="3" type="stmt"/>
        <line num="46" count="3" type="stmt"/>
        <line num="49" count="0" type="stmt"/>
        <line num="54" count="37" type="stmt"/>
        <line num="55" count="37" type="stmt"/>
        <line num="57" count="504" type="stmt"/>
        <line num="59" count="37" type="cond" truecount="2" falsecount="0"/>
        <line num="60" count="2" type="stmt"/>
        <line num="61" count="35" type="cond" truecount="2" falsecount="0"/>
        <line num="63" count="4" type="stmt"/>
        <line num="65" count="31" type="stmt"/>
        <line num="66" count="31" type="stmt"/>
        <line num="67" count="31" type="stmt"/>
        <line num="73" count="1" type="stmt"/>
        <line num="74" count="1" type="stmt"/>
        <line num="76" count="1" type="stmt"/>
        <line num="77" count="1" type="stmt"/>
        <line num="80" count="1" type="stmt"/>
        <line num="81" count="1" type="stmt"/>
        <line num="84" count="56" type="stmt"/>
        <line num="95" count="548" type="stmt"/>
        <line num="101" count="1" type="stmt"/>
        <line num="130" count="0" type="cond" truecount="0" falsecount="2"/>
        <line num="155" count="3913" type="stmt"/>
        <line num="161" count="37" type="stmt"/>
      </file>
    </package>
  </project>
</coverage>
