{"C:\\Projects\\mycapital\\frontend\\src\\App.tsx": {"path":"C:\\Projects\\mycapital\\frontend\\src\\App.tsx","statementMap":{"0":{"start":{"line":5,"column":2},"end":{"line":5,"column":18}}},"fnMap":{"0":{"name":"App","decl":{"start":{"line":4,"column":9},"end":{"line":4,"column":12}},"loc":{"start":{"line":4,"column":15},"end":{"line":6,"column":1}},"line":4}},"branchMap":{},"s":{"0":1},"f":{"0":1},"b":{},"_coverageSchema":"1a1c01bbd47fc00a2c39e90264f33305004495a9","hash":"27fee46ca01020418b16c60d13cb4cdb8b8e4677"}
,"C:\\Projects\\mycapital\\frontend\\src\\index.tsx": {"path":"C:\\Projects\\mycapital\\frontend\\src\\index.tsx","statementMap":{},"fnMap":{},"branchMap":{},"s":{},"f":{},"b":{}}
,"C:\\Projects\\mycapital\\frontend\\src\\api\\client.tsx": {"path":"C:\\Projects\\mycapital\\frontend\\src\\api\\client.tsx","statementMap":{"0":{"start":{"line":13,"column":14},"end":{"line":15,"column":2}},"1":{"start":{"line":18,"column":19},"end":{"line":18,"column":47}},"2":{"start":{"line":19,"column":2},"end":{"line":19,"column":23}},"3":{"start":{"line":23,"column":19},"end":{"line":23,"column":71}},"4":{"start":{"line":24,"column":2},"end":{"line":24,"column":23}}},"fnMap":{"0":{"name":"getCardsApi","decl":{"start":{"line":17,"column":15},"end":{"line":17,"column":26}},"loc":{"start":{"line":17,"column":29},"end":{"line":20,"column":1}},"line":17},"1":{"name":"searchCardApi","decl":{"start":{"line":22,"column":15},"end":{"line":22,"column":28}},"loc":{"start":{"line":22,"column":78},"end":{"line":25,"column":1}},"line":22}},"branchMap":{},"s":{"0":1,"1":1,"2":1,"3":7,"4":7},"f":{"0":1,"1":7},"b":{},"_coverageSchema":"1a1c01bbd47fc00a2c39e90264f33305004495a9","hash":"bb52b1ec8f2d80836e3637ae6e716906921c3377"}
,"C:\\Projects\\mycapital\\frontend\\src\\components\\Card.tsx": {"path":"C:\\Projects\\mycapital\\frontend\\src\\components\\Card.tsx","statementMap":{"0":{"start":{"line":10,"column":2},"end":{"line":33,"column":4}},"1":{"start":{"line":27,"column":46},"end":{"line":27,"column":68}}},"fnMap":{"0":{"name":"Card","decl":{"start":{"line":9,"column":9},"end":{"line":9,"column":13}},"loc":{"start":{"line":9,"column":51},"end":{"line":34,"column":1}},"line":9},"1":{"name":"(anonymous_1)","decl":{"start":{"line":27,"column":21},"end":{"line":27,"column":22}},"loc":{"start":{"line":27,"column":46},"end":{"line":27,"column":68}},"line":27}},"branchMap":{},"s":{"0":3641,"1":37},"f":{"0":3641,"1":37},"b":{},"_coverageSchema":"1a1c01bbd47fc00a2c39e90264f33305004495a9","hash":"0af1bec5513982a0630d3ea307c5e40996d607c3"}
,"C:\\Projects\\mycapital\\frontend\\src\\components\\Deck.tsx": {"path":"C:\\Projects\\mycapital\\frontend\\src\\components\\Deck.tsx","statementMap":{"0":{"start":{"line":9,"column":2},"end":{"line":32,"column":4}},"1":{"start":{"line":26,"column":46},"end":{"line":26,"column":76}}},"fnMap":{"0":{"name":"Deck","decl":{"start":{"line":8,"column":9},"end":{"line":8,"column":13}},"loc":{"start":{"line":8,"column":56},"end":{"line":33,"column":1}},"line":8},"1":{"name":"(anonymous_1)","decl":{"start":{"line":26,"column":21},"end":{"line":26,"column":22}},"loc":{"start":{"line":26,"column":46},"end":{"line":26,"column":76}},"line":26}},"branchMap":{},"s":{"0":514,"1":1},"f":{"0":514,"1":1},"b":{},"_coverageSchema":"1a1c01bbd47fc00a2c39e90264f33305004495a9","hash":"562e8e2d2acc6efab68f833a82fe71505c3f35d1"}
,"C:\\Projects\\mycapital\\frontend\\src\\components\\InputSearch.tsx": {"path":"C:\\Projects\\mycapital\\frontend\\src\\components\\InputSearch.tsx","statementMap":{"0":{"start":{"line":7,"column":2},"end":{"line":24,"column":4}},"1":{"start":{"line":20,"column":10},"end":{"line":20,"column":43}}},"fnMap":{"0":{"name":"InputSearch","decl":{"start":{"line":6,"column":9},"end":{"line":6,"column":20}},"loc":{"start":{"line":6,"column":63},"end":{"line":25,"column":1}},"line":6},"1":{"name":"(anonymous_1)","decl":{"start":{"line":19,"column":18},"end":{"line":19,"column":19}},"loc":{"start":{"line":20,"column":10},"end":{"line":20,"column":43}},"line":20}},"branchMap":{},"s":{"0":106,"1":6},"f":{"0":106,"1":6},"b":{},"_coverageSchema":"1a1c01bbd47fc00a2c39e90264f33305004495a9","hash":"80354fb7b74f5b62bf7c2313d7074652a2b5e4d2"}
,"C:\\Projects\\mycapital\\frontend\\src\\components\\RadioButton.tsx": {"path":"C:\\Projects\\mycapital\\frontend\\src\\components\\RadioButton.tsx","statementMap":{"0":{"start":{"line":6,"column":2},"end":{"line":55,"column":4}},"1":{"start":{"line":10,"column":8},"end":{"line":10,"column":42}}},"fnMap":{"0":{"name":"RadioButton","decl":{"start":{"line":5,"column":9},"end":{"line":5,"column":20}},"loc":{"start":{"line":5,"column":56},"end":{"line":56,"column":1}},"line":5},"1":{"name":"(anonymous_1)","decl":{"start":{"line":9,"column":16},"end":{"line":9,"column":17}},"loc":{"start":{"line":10,"column":8},"end":{"line":10,"column":42}},"line":10}},"branchMap":{},"s":{"0":53,"1":0},"f":{"0":53,"1":0},"b":{},"_coverageSchema":"1a1c01bbd47fc00a2c39e90264f33305004495a9","hash":"966661968b23d211d61fc1e386904d57f1b0a252"}
,"C:\\Projects\\mycapital\\frontend\\src\\pages\\Main.tsx": {"path":"C:\\Projects\\mycapital\\frontend\\src\\pages\\Main.tsx","statementMap":{"0":{"start":{"line":4,"column":2},"end":{"line":31,"column":4}}},"fnMap":{"0":{"name":"Main","decl":{"start":{"line":3,"column":9},"end":{"line":3,"column":13}},"loc":{"start":{"line":3,"column":16},"end":{"line":32,"column":1}},"line":3}},"branchMap":{},"s":{"0":1},"f":{"0":1},"b":{},"_coverageSchema":"1a1c01bbd47fc00a2c39e90264f33305004495a9","hash":"325ff9c35fdef0e5d6128f6ba83103c83f9998ae"}
,"C:\\Projects\\mycapital\\frontend\\src\\pages\\Manage.tsx": {"path":"C:\\Projects\\mycapital\\frontend\\src\\pages\\Manage.tsx","statementMap":{"0":{"start":{"line":12,"column":16},"end":{"line":19,"column":1}},"1":{"start":{"line":22,"column":28},"end":{"line":22,"column":40}},"2":{"start":{"line":23,"column":32},"end":{"line":23,"column":47}},"3":{"start":{"line":24,"column":32},"end":{"line":24,"column":44}},"4":{"start":{"line":26,"column":28},"end":{"line":26,"column":49}},"5":{"start":{"line":29,"column":4},"end":{"line":29,"column":21}},"6":{"start":{"line":30,"column":21},"end":{"line":30,"column":50}},"7":{"start":{"line":31,"column":4},"end":{"line":36,"column":5}},"8":{"start":{"line":32,"column":18},"end":{"line":32,"column":49}},"9":{"start":{"line":32,"column":43},"end":{"line":32,"column":47}},"10":{"start":{"line":33,"column":6},"end":{"line":33,"column":73}},"11":{"start":{"line":33,"column":54},"end":{"line":33,"column":67}},"12":{"start":{"line":35,"column":6},"end":{"line":35,"column":25}},"13":{"start":{"line":37,"column":4},"end":{"line":37,"column":22}},"14":{"start":{"line":38,"column":4},"end":{"line":38,"column":22}},"15":{"start":{"line":42,"column":36},"end":{"line":50,"column":4}},"16":{"start":{"line":43,"column":18},"end":{"line":43,"column":57}},"17":{"start":{"line":44,"column":4},"end":{"line":44,"column":54}},"18":{"start":{"line":44,"column":44},"end":{"line":44,"column":54}},"19":{"start":{"line":45,"column":4},"end":{"line":47,"column":14}},"20":{"start":{"line":46,"column":6},"end":{"line":46,"column":31}},"21":{"start":{"line":49,"column":4},"end":{"line":49,"column":17}},"22":{"start":{"line":54,"column":26},"end":{"line":54,"column":43}},"23":{"start":{"line":55,"column":4},"end":{"line":55,"column":17}},"24":{"start":{"line":57,"column":23},"end":{"line":57,"column":68}},"25":{"start":{"line":57,"column":51},"end":{"line":57,"column":67}},"26":{"start":{"line":59,"column":4},"end":{"line":68,"column":5}},"27":{"start":{"line":60,"column":6},"end":{"line":60,"column":51}},"28":{"start":{"line":61,"column":11},"end":{"line":68,"column":5}},"29":{"start":{"line":63,"column":6},"end":{"line":63,"column":52}},"30":{"start":{"line":65,"column":6},"end":{"line":65,"column":31}},"31":{"start":{"line":66,"column":6},"end":{"line":66,"column":67}},"32":{"start":{"line":67,"column":6},"end":{"line":67,"column":34}},"33":{"start":{"line":73,"column":4},"end":{"line":73,"column":17}},"34":{"start":{"line":74,"column":26},"end":{"line":74,"column":43}},"35":{"start":{"line":76,"column":4},"end":{"line":79,"column":6}},"36":{"start":{"line":77,"column":37},"end":{"line":77,"column":52}},"37":{"start":{"line":80,"column":4},"end":{"line":80,"column":65}},"38":{"start":{"line":81,"column":4},"end":{"line":81,"column":32}},"39":{"start":{"line":84,"column":2},"end":{"line":167,"column":4}},"40":{"start":{"line":95,"column":12},"end":{"line":102,"column":14}},"41":{"start":{"line":101,"column":19},"end":{"line":101,"column":48}},"42":{"start":{"line":130,"column":35},"end":{"line":130,"column":75}},"43":{"start":{"line":155,"column":12},"end":{"line":162,"column":14}},"44":{"start":{"line":161,"column":19},"end":{"line":161,"column":41}}},"fnMap":{"0":{"name":"Manage","decl":{"start":{"line":21,"column":9},"end":{"line":21,"column":15}},"loc":{"start":{"line":21,"column":18},"end":{"line":168,"column":1}},"line":21},"1":{"name":"searchCard","decl":{"start":{"line":28,"column":17},"end":{"line":28,"column":27}},"loc":{"start":{"line":28,"column":54},"end":{"line":39,"column":3}},"line":28},"2":{"name":"(anonymous_2)","decl":{"start":{"line":32,"column":36},"end":{"line":32,"column":37}},"loc":{"start":{"line":32,"column":43},"end":{"line":32,"column":47}},"line":32},"3":{"name":"(anonymous_3)","decl":{"start":{"line":33,"column":47},"end":{"line":33,"column":48}},"loc":{"start":{"line":33,"column":54},"end":{"line":33,"column":67}},"line":33},"4":{"name":"(anonymous_4)","decl":{"start":{"line":42,"column":54},"end":{"line":42,"column":55}},"loc":{"start":{"line":42,"column":60},"end":{"line":50,"column":3}},"line":42},"5":{"name":"addCardToList","decl":{"start":{"line":53,"column":11},"end":{"line":53,"column":24}},"loc":{"start":{"line":53,"column":59},"end":{"line":69,"column":3}},"line":53},"6":{"name":"(anonymous_6)","decl":{"start":{"line":57,"column":44},"end":{"line":57,"column":45}},"loc":{"start":{"line":57,"column":51},"end":{"line":57,"column":67}},"line":57},"7":{"name":"removeCardFromList","decl":{"start":{"line":72,"column":17},"end":{"line":72,"column":35}},"loc":{"start":{"line":72,"column":73},"end":{"line":82,"column":3}},"line":72},"8":{"name":"(anonymous_8)","decl":{"start":{"line":77,"column":30},"end":{"line":77,"column":31}},"loc":{"start":{"line":77,"column":37},"end":{"line":77,"column":52}},"line":77},"9":{"name":"(anonymous_9)","decl":{"start":{"line":94,"column":24},"end":{"line":94,"column":25}},"loc":{"start":{"line":95,"column":12},"end":{"line":102,"column":14}},"line":95},"10":{"name":"(anonymous_10)","decl":{"start":{"line":98,"column":34},"end":{"line":98,"column":35}},"loc":{"start":{"line":101,"column":19},"end":{"line":101,"column":48}},"line":101},"11":{"name":"(anonymous_11)","decl":{"start":{"line":130,"column":24},"end":{"line":130,"column":25}},"loc":{"start":{"line":130,"column":35},"end":{"line":130,"column":75}},"line":130},"12":{"name":"(anonymous_12)","decl":{"start":{"line":154,"column":20},"end":{"line":154,"column":21}},"loc":{"start":{"line":155,"column":12},"end":{"line":162,"column":14}},"line":155},"13":{"name":"(anonymous_13)","decl":{"start":{"line":158,"column":29},"end":{"line":158,"column":30}},"loc":{"start":{"line":161,"column":19},"end":{"line":161,"column":41}},"line":161}},"branchMap":{"0":{"loc":{"start":{"line":31,"column":4},"end":{"line":36,"column":5}},"type":"if","locations":[{"start":{"line":31,"column":4},"end":{"line":36,"column":5}},{"start":{"line":34,"column":11},"end":{"line":36,"column":5}}],"line":31},"1":{"loc":{"start":{"line":31,"column":8},"end":{"line":31,"column":45}},"type":"binary-expr","locations":[{"start":{"line":31,"column":8},"end":{"line":31,"column":24}},{"start":{"line":31,"column":28},"end":{"line":31,"column":45}}],"line":31},"2":{"loc":{"start":{"line":44,"column":4},"end":{"line":44,"column":54}},"type":"if","locations":[{"start":{"line":44,"column":4},"end":{"line":44,"column":54}},{"start":{},"end":{}}],"line":44},"3":{"loc":{"start":{"line":44,"column":8},"end":{"line":44,"column":42}},"type":"binary-expr","locations":[{"start":{"line":44,"column":8},"end":{"line":44,"column":22}},{"start":{"line":44,"column":26},"end":{"line":44,"column":42}}],"line":44},"4":{"loc":{"start":{"line":59,"column":4},"end":{"line":68,"column":5}},"type":"if","locations":[{"start":{"line":59,"column":4},"end":{"line":68,"column":5}},{"start":{"line":61,"column":11},"end":{"line":68,"column":5}}],"line":59},"5":{"loc":{"start":{"line":61,"column":11},"end":{"line":68,"column":5}},"type":"if","locations":[{"start":{"line":61,"column":11},"end":{"line":68,"column":5}},{"start":{"line":64,"column":11},"end":{"line":68,"column":5}}],"line":61},"6":{"loc":{"start":{"line":93,"column":9},"end":{"line":106,"column":9}},"type":"cond-expr","locations":[{"start":{"line":94,"column":10},"end":{"line":103,"column":12}},{"start":{"line":105,"column":10},"end":{"line":105,"column":79}}],"line":93},"7":{"loc":{"start":{"line":109,"column":7},"end":{"line":115,"column":7}},"type":"binary-expr","locations":[{"start":{"line":109,"column":7},"end":{"line":109,"column":12}},{"start":{"line":110,"column":8},"end":{"line":114,"column":14}}],"line":109},"8":{"loc":{"start":{"line":130,"column":46},"end":{"line":130,"column":64}},"type":"binary-expr","locations":[{"start":{"line":130,"column":46},"end":{"line":130,"column":58}},{"start":{"line":130,"column":62},"end":{"line":130,"column":64}}],"line":130},"9":{"loc":{"start":{"line":145,"column":33},"end":{"line":145,"column":54}},"type":"binary-expr","locations":[{"start":{"line":145,"column":33},"end":{"line":145,"column":38}},{"start":{"line":145,"column":42},"end":{"line":145,"column":54}}],"line":145},"10":{"loc":{"start":{"line":148,"column":9},"end":{"line":164,"column":9}},"type":"cond-expr","locations":[{"start":{"line":149,"column":10},"end":{"line":151,"column":16}},{"start":{"line":153,"column":10},"end":{"line":163,"column":12}}],"line":148},"11":{"loc":{"start":{"line":153,"column":10},"end":{"line":163,"column":12}},"type":"binary-expr","locations":[{"start":{"line":153,"column":10},"end":{"line":153,"column":15}},{"start":{"line":154,"column":10},"end":{"line":163,"column":12}}],"line":153}},"s":{"0":1,"1":56,"2":56,"3":56,"4":56,"5":6,"6":6,"7":6,"8":0,"9":0,"10":0,"11":0,"12":6,"13":6,"14":6,"15":56,"16":7,"17":7,"18":4,"19":3,"20":3,"21":0,"22":37,"23":37,"24":37,"25":504,"26":37,"27":2,"28":35,"29":4,"30":31,"31":31,"32":31,"33":1,"34":1,"35":1,"36":1,"37":1,"38":1,"39":56,"40":548,"41":1,"42":0,"43":3913,"44":37},"f":{"0":56,"1":6,"2":0,"3":0,"4":7,"5":37,"6":504,"7":1,"8":1,"9":548,"10":1,"11":0,"12":3913,"13":37},"b":{"0":[0,6],"1":[6,0],"2":[4,3],"3":[7,3],"4":[2,35],"5":[4,31],"6":[47,9],"7":[56,6],"8":[0,0],"9":[56,56],"10":[6,50],"11":[50,50]},"_coverageSchema":"1a1c01bbd47fc00a2c39e90264f33305004495a9","hash":"f962837d5a3fca6f458df41e201a3bff95c7f3f8"}
}
