TN:
SF:src\App.tsx
FN:4,App
FNF:1
FNH:1
FNDA:1,App
DA:5,1
LF:1
LH:1
BRF:0
BRH:0
end_of_record
TN:
SF:src\index.tsx
FNF:0
FNH:0
LF:0
LH:0
BRF:0
BRH:0
end_of_record
TN:
SF:src\api\client.tsx
FN:17,getCardsApi
FN:22,searchCardApi
FNF:2
FNH:2
FNDA:1,getCardsApi
FNDA:7,searchCardApi
DA:13,1
DA:18,1
DA:19,1
DA:23,7
DA:24,7
LF:5
LH:5
BRF:0
BRH:0
end_of_record
TN:
SF:src\components\Card.tsx
FN:9,Card
FN:27,(anonymous_1)
FNF:2
FNH:2
FNDA:3641,Card
FNDA:37,(anonymous_1)
DA:10,3641
DA:27,37
LF:2
LH:2
BRF:0
BRH:0
end_of_record
TN:
SF:src\components\Deck.tsx
FN:8,Deck
FN:26,(anonymous_1)
FNF:2
FNH:2
FNDA:514,Deck
FNDA:1,(anonymous_1)
DA:9,514
DA:26,1
LF:2
LH:2
BRF:0
BRH:0
end_of_record
TN:
SF:src\components\InputSearch.tsx
FN:6,InputSearch
FN:19,(anonymous_1)
FNF:2
FNH:2
FNDA:106,InputSearch
FNDA:6,(anonymous_1)
DA:7,106
DA:20,6
LF:2
LH:2
BRF:0
BRH:0
end_of_record
TN:
SF:src\components\RadioButton.tsx
FN:5,RadioButton
FN:9,(anonymous_1)
FNF:2
FNH:1
FNDA:53,RadioButton
FNDA:0,(anonymous_1)
DA:6,53
DA:10,0
LF:2
LH:1
BRF:0
BRH:0
end_of_record
TN:
SF:src\pages\Main.tsx
FN:3,Main
FNF:1
FNH:1
FNDA:1,Main
DA:4,1
LF:1
LH:1
BRF:0
BRH:0
end_of_record
TN:
SF:src\pages\Manage.tsx
FN:21,Manage
FN:28,searchCard
FN:32,(anonymous_2)
FN:33,(anonymous_3)
FN:42,(anonymous_4)
FN:53,addCardToList
FN:57,(anonymous_6)
FN:72,removeCardFromList
FN:77,(anonymous_8)
FN:94,(anonymous_9)
FN:98,(anonymous_10)
FN:130,(anonymous_11)
FN:154,(anonymous_12)
FN:158,(anonymous_13)
FNF:14
FNH:11
FNDA:56,Manage
FNDA:6,searchCard
FNDA:0,(anonymous_2)
FNDA:0,(anonymous_3)
FNDA:7,(anonymous_4)
FNDA:37,addCardToList
FNDA:504,(anonymous_6)
FNDA:1,removeCardFromList
FNDA:1,(anonymous_8)
FNDA:548,(anonymous_9)
FNDA:1,(anonymous_10)
FNDA:0,(anonymous_11)
FNDA:3913,(anonymous_12)
FNDA:37,(anonymous_13)
DA:12,1
DA:22,56
DA:23,56
DA:24,56
DA:26,56
DA:29,6
DA:30,6
DA:31,6
DA:32,0
DA:33,0
DA:35,6
DA:37,6
DA:38,6
DA:42,56
DA:43,7
DA:44,7
DA:45,3
DA:46,3
DA:49,0
DA:54,37
DA:55,37
DA:57,504
DA:59,37
DA:60,2
DA:61,35
DA:63,4
DA:65,31
DA:66,31
DA:67,31
DA:73,1
DA:74,1
DA:76,1
DA:77,1
DA:80,1
DA:81,1
DA:84,56
DA:95,548
DA:101,1
DA:130,0
DA:155,3913
DA:161,37
LF:41
LH:37
BRDA:31,0,0,0
BRDA:31,0,1,6
BRDA:31,1,0,6
BRDA:31,1,1,0
BRDA:44,2,0,4
BRDA:44,2,1,3
BRDA:44,3,0,7
BRDA:44,3,1,3
BRDA:59,4,0,2
BRDA:59,4,1,35
BRDA:61,5,0,4
BRDA:61,5,1,31
BRDA:93,6,0,47
BRDA:93,6,1,9
BRDA:109,7,0,56
BRDA:109,7,1,6
BRDA:130,8,0,0
BRDA:130,8,1,0
BRDA:145,9,0,56
BRDA:145,9,1,56
BRDA:148,10,0,6
BRDA:148,10,1,50
BRDA:153,11,0,50
BRDA:153,11,1,50
BRF:24
BRH:20
end_of_record
